{"/Users/kr/code/lab/frontend-project-lvl2/src/comparisor.js": {"path":"/Users/kr/code/lab/frontend-project-lvl2/src/comparisor.js","all":false,"statementMap":{"0":{"start":{"line":1,"column":0},"end":{"line":1,"column":23}},"1":{"start":{"line":2,"column":0},"end":{"line":2,"column":0}},"2":{"start":{"line":3,"column":0},"end":{"line":3,"column":40}},"3":{"start":{"line":4,"column":0},"end":{"line":4,"column":57}},"4":{"start":{"line":5,"column":0},"end":{"line":5,"column":46}},"5":{"start":{"line":6,"column":0},"end":{"line":6,"column":0}},"6":{"start":{"line":7,"column":0},"end":{"line":7,"column":41}},"7":{"start":{"line":8,"column":0},"end":{"line":8,"column":27}},"8":{"start":{"line":9,"column":0},"end":{"line":9,"column":29}},"9":{"start":{"line":10,"column":0},"end":{"line":10,"column":38}},"10":{"start":{"line":11,"column":0},"end":{"line":11,"column":44}},"11":{"start":{"line":12,"column":0},"end":{"line":12,"column":9}},"12":{"start":{"line":13,"column":0},"end":{"line":13,"column":16}},"13":{"start":{"line":14,"column":0},"end":{"line":14,"column":37}},"14":{"start":{"line":15,"column":0},"end":{"line":15,"column":37}},"15":{"start":{"line":16,"column":0},"end":{"line":16,"column":21}},"16":{"start":{"line":17,"column":0},"end":{"line":17,"column":7}},"17":{"start":{"line":18,"column":0},"end":{"line":18,"column":0}},"18":{"start":{"line":19,"column":0},"end":{"line":19,"column":40}},"19":{"start":{"line":20,"column":0},"end":{"line":20,"column":5}},"20":{"start":{"line":21,"column":0},"end":{"line":21,"column":0}},"21":{"start":{"line":22,"column":0},"end":{"line":22,"column":38}},"22":{"start":{"line":23,"column":0},"end":{"line":23,"column":5}},"23":{"start":{"line":24,"column":0},"end":{"line":24,"column":0}},"24":{"start":{"line":25,"column":0},"end":{"line":25,"column":37}},"25":{"start":{"line":26,"column":0},"end":{"line":26,"column":2}},"26":{"start":{"line":27,"column":0},"end":{"line":27,"column":0}},"27":{"start":{"line":28,"column":0},"end":{"line":28,"column":30}}},"s":{"0":1,"1":1,"2":1,"3":2,"4":2,"5":2,"6":2,"7":10,"8":8,"9":4,"10":2,"11":2,"12":2,"13":2,"14":2,"15":2,"16":2,"17":4,"18":4,"19":4,"20":2,"21":2,"22":2,"23":2,"24":2,"25":2,"26":1,"27":1},"branchMap":{"0":{"type":"branch","line":3,"loc":{"start":{"line":3,"column":23},"end":{"line":26,"column":2}},"locations":[{"start":{"line":3,"column":23},"end":{"line":26,"column":2}}]},"1":{"type":"branch","line":5,"loc":{"start":{"line":5,"column":37},"end":{"line":5,"column":46}},"locations":[{"start":{"line":5,"column":37},"end":{"line":5,"column":46}}]},"2":{"type":"branch","line":7,"loc":{"start":{"line":7,"column":32},"end":{"line":23,"column":5}},"locations":[{"start":{"line":7,"column":32},"end":{"line":23,"column":5}}]},"3":{"type":"branch","line":8,"loc":{"start":{"line":8,"column":26},"end":{"line":20,"column":5}},"locations":[{"start":{"line":8,"column":26},"end":{"line":20,"column":5}}]},"4":{"type":"branch","line":9,"loc":{"start":{"line":9,"column":28},"end":{"line":20,"column":5}},"locations":[{"start":{"line":9,"column":28},"end":{"line":20,"column":5}}]},"5":{"type":"branch","line":10,"loc":{"start":{"line":10,"column":37},"end":{"line":17,"column":7}},"locations":[{"start":{"line":10,"column":37},"end":{"line":17,"column":7}}]},"6":{"type":"branch","line":21,"loc":{"start":{"line":21,"column":-1},"end":{"line":23,"column":5}},"locations":[{"start":{"line":21,"column":-1},"end":{"line":23,"column":5}}]}},"b":{"0":[2],"1":[10],"2":[10],"3":[8],"4":[4],"5":[2],"6":[2]},"fnMap":{"0":{"name":"compareObjects","decl":{"start":{"line":3,"column":23},"end":{"line":26,"column":2}},"loc":{"start":{"line":3,"column":23},"end":{"line":26,"column":2}},"line":3}},"f":{"0":2}}
,"/Users/kr/code/lab/frontend-project-lvl2/src/index.js": {"path":"/Users/kr/code/lab/frontend-project-lvl2/src/index.js","all":false,"statementMap":{"0":{"start":{"line":1,"column":0},"end":{"line":1,"column":42}},"1":{"start":{"line":2,"column":0},"end":{"line":2,"column":45}},"2":{"start":{"line":3,"column":0},"end":{"line":3,"column":0}},"3":{"start":{"line":4,"column":0},"end":{"line":4,"column":43}},"4":{"start":{"line":5,"column":0},"end":{"line":5,"column":61}},"5":{"start":{"line":6,"column":0},"end":{"line":6,"column":36}},"6":{"start":{"line":7,"column":0},"end":{"line":7,"column":2}},"7":{"start":{"line":8,"column":0},"end":{"line":8,"column":0}},"8":{"start":{"line":9,"column":0},"end":{"line":9,"column":23}}},"s":{"0":1,"1":1,"2":1,"3":1,"4":2,"5":2,"6":2,"7":1,"8":1},"branchMap":{"0":{"type":"branch","line":4,"loc":{"start":{"line":4,"column":16},"end":{"line":7,"column":2}},"locations":[{"start":{"line":4,"column":16},"end":{"line":7,"column":2}}]}},"b":{"0":[2]},"fnMap":{"0":{"name":"gendiff","decl":{"start":{"line":4,"column":16},"end":{"line":7,"column":2}},"loc":{"start":{"line":4,"column":16},"end":{"line":7,"column":2}},"line":4}},"f":{"0":2}}
,"/Users/kr/code/lab/frontend-project-lvl2/src/parsers.js": {"path":"/Users/kr/code/lab/frontend-project-lvl2/src/parsers.js","all":false,"statementMap":{"0":{"start":{"line":1,"column":0},"end":{"line":1,"column":20}},"1":{"start":{"line":2,"column":0},"end":{"line":2,"column":24}},"2":{"start":{"line":3,"column":0},"end":{"line":3,"column":27}},"3":{"start":{"line":4,"column":0},"end":{"line":4,"column":0}},"4":{"start":{"line":5,"column":0},"end":{"line":5,"column":33}},"5":{"start":{"line":6,"column":0},"end":{"line":6,"column":41}},"6":{"start":{"line":7,"column":0},"end":{"line":7,"column":0}},"7":{"start":{"line":8,"column":0},"end":{"line":8,"column":20}},"8":{"start":{"line":9,"column":0},"end":{"line":9,"column":17}},"9":{"start":{"line":10,"column":0},"end":{"line":10,"column":20}},"10":{"start":{"line":11,"column":0},"end":{"line":11,"column":16}},"11":{"start":{"line":12,"column":0},"end":{"line":12,"column":20}},"12":{"start":{"line":13,"column":0},"end":{"line":13,"column":17}},"13":{"start":{"line":14,"column":0},"end":{"line":14,"column":20}},"14":{"start":{"line":15,"column":0},"end":{"line":15,"column":12}},"15":{"start":{"line":16,"column":0},"end":{"line":16,"column":68}},"16":{"start":{"line":17,"column":0},"end":{"line":17,"column":3}},"17":{"start":{"line":18,"column":0},"end":{"line":18,"column":2}},"18":{"start":{"line":19,"column":0},"end":{"line":19,"column":0}},"19":{"start":{"line":20,"column":0},"end":{"line":20,"column":34}},"20":{"start":{"line":21,"column":0},"end":{"line":21,"column":46}},"21":{"start":{"line":22,"column":0},"end":{"line":22,"column":0}},"22":{"start":{"line":23,"column":0},"end":{"line":23,"column":67}},"23":{"start":{"line":24,"column":0},"end":{"line":24,"column":0}},"24":{"start":{"line":25,"column":0},"end":{"line":25,"column":26}},"25":{"start":{"line":26,"column":0},"end":{"line":26,"column":2}},"26":{"start":{"line":27,"column":0},"end":{"line":27,"column":0}},"27":{"start":{"line":28,"column":0},"end":{"line":28,"column":34}},"28":{"start":{"line":29,"column":0},"end":{"line":29,"column":46}},"29":{"start":{"line":30,"column":0},"end":{"line":30,"column":0}},"30":{"start":{"line":31,"column":0},"end":{"line":31,"column":67}},"31":{"start":{"line":32,"column":0},"end":{"line":32,"column":0}},"32":{"start":{"line":33,"column":0},"end":{"line":33,"column":25}},"33":{"start":{"line":34,"column":0},"end":{"line":34,"column":2}},"34":{"start":{"line":35,"column":0},"end":{"line":35,"column":0}},"35":{"start":{"line":36,"column":0},"end":{"line":36,"column":31}},"36":{"start":{"line":37,"column":0},"end":{"line":37,"column":19}},"37":{"start":{"line":38,"column":0},"end":{"line":38,"column":16}},"38":{"start":{"line":39,"column":0},"end":{"line":39,"column":24}},"39":{"start":{"line":40,"column":0},"end":{"line":40,"column":16}},"40":{"start":{"line":41,"column":0},"end":{"line":41,"column":24}},"41":{"start":{"line":42,"column":0},"end":{"line":42,"column":12}},"42":{"start":{"line":43,"column":0},"end":{"line":43,"column":68}},"43":{"start":{"line":44,"column":0},"end":{"line":44,"column":3}},"44":{"start":{"line":45,"column":0},"end":{"line":45,"column":2}},"45":{"start":{"line":46,"column":0},"end":{"line":46,"column":0}},"46":{"start":{"line":47,"column":0},"end":{"line":47,"column":46}},"47":{"start":{"line":48,"column":0},"end":{"line":48,"column":38}},"48":{"start":{"line":49,"column":0},"end":{"line":49,"column":34}},"49":{"start":{"line":50,"column":0},"end":{"line":50,"column":0}},"50":{"start":{"line":51,"column":0},"end":{"line":51,"column":46}},"51":{"start":{"line":52,"column":0},"end":{"line":52,"column":2}},"52":{"start":{"line":53,"column":0},"end":{"line":53,"column":0}},"53":{"start":{"line":54,"column":0},"end":{"line":54,"column":33}}},"s":{"0":1,"1":1,"2":1,"3":1,"4":1,"5":4,"6":4,"7":4,"8":4,"9":4,"10":4,"11":4,"12":4,"13":4,"14":4,"15":4,"16":4,"17":4,"18":1,"19":1,"20":2,"21":2,"22":2,"23":2,"24":2,"25":2,"26":1,"27":1,"28":2,"29":2,"30":2,"31":2,"32":2,"33":2,"34":1,"35":1,"36":2,"37":2,"38":2,"39":2,"40":2,"41":2,"42":2,"43":2,"44":2,"45":1,"46":1,"47":2,"48":2,"49":2,"50":2,"51":2,"52":1,"53":1},"branchMap":{"0":{"type":"branch","line":5,"loc":{"start":{"line":5,"column":19},"end":{"line":18,"column":2}},"locations":[{"start":{"line":5,"column":19},"end":{"line":18,"column":2}}]},"1":{"type":"branch","line":9,"loc":{"start":{"line":9,"column":4},"end":{"line":10,"column":13}},"locations":[{"start":{"line":9,"column":4},"end":{"line":10,"column":13}}]},"2":{"type":"branch","line":11,"loc":{"start":{"line":11,"column":4},"end":{"line":12,"column":13}},"locations":[{"start":{"line":11,"column":4},"end":{"line":12,"column":13}}]},"3":{"type":"branch","line":13,"loc":{"start":{"line":13,"column":4},"end":{"line":14,"column":13}},"locations":[{"start":{"line":13,"column":4},"end":{"line":14,"column":13}}]},"4":{"type":"branch","line":15,"loc":{"start":{"line":15,"column":4},"end":{"line":16,"column":12}},"locations":[{"start":{"line":15,"column":4},"end":{"line":16,"column":12}}]},"5":{"type":"branch","line":20,"loc":{"start":{"line":20,"column":20},"end":{"line":26,"column":2}},"locations":[{"start":{"line":20,"column":20},"end":{"line":26,"column":2}}]},"6":{"type":"branch","line":28,"loc":{"start":{"line":28,"column":20},"end":{"line":34,"column":2}},"locations":[{"start":{"line":28,"column":20},"end":{"line":34,"column":2}}]},"7":{"type":"branch","line":36,"loc":{"start":{"line":36,"column":19},"end":{"line":45,"column":2}},"locations":[{"start":{"line":36,"column":19},"end":{"line":45,"column":2}}]},"8":{"type":"branch","line":38,"loc":{"start":{"line":38,"column":4},"end":{"line":39,"column":13}},"locations":[{"start":{"line":38,"column":4},"end":{"line":39,"column":13}}]},"9":{"type":"branch","line":40,"loc":{"start":{"line":40,"column":4},"end":{"line":41,"column":13}},"locations":[{"start":{"line":40,"column":4},"end":{"line":41,"column":13}}]},"10":{"type":"branch","line":42,"loc":{"start":{"line":42,"column":4},"end":{"line":43,"column":12}},"locations":[{"start":{"line":42,"column":4},"end":{"line":43,"column":12}}]},"11":{"type":"branch","line":47,"loc":{"start":{"line":47,"column":19},"end":{"line":52,"column":2}},"locations":[{"start":{"line":47,"column":19},"end":{"line":52,"column":2}}]}},"b":{"0":[4],"1":[1],"2":[1],"3":[1],"4":[1],"5":[2],"6":[2],"7":[2],"8":[1],"9":[1],"10":[0],"11":[2]},"fnMap":{"0":{"name":"getFormat","decl":{"start":{"line":5,"column":19},"end":{"line":18,"column":2}},"loc":{"start":{"line":5,"column":19},"end":{"line":18,"column":2}},"line":5},"1":{"name":"parserJSON","decl":{"start":{"line":20,"column":20},"end":{"line":26,"column":2}},"loc":{"start":{"line":20,"column":20},"end":{"line":26,"column":2}},"line":20},"2":{"name":"parserYAML","decl":{"start":{"line":28,"column":20},"end":{"line":34,"column":2}},"loc":{"start":{"line":28,"column":20},"end":{"line":34,"column":2}},"line":28},"3":{"name":"getParser","decl":{"start":{"line":36,"column":19},"end":{"line":45,"column":2}},"loc":{"start":{"line":36,"column":19},"end":{"line":45,"column":2}},"line":36},"4":{"name":"parseFiles","decl":{"start":{"line":47,"column":19},"end":{"line":52,"column":2}},"loc":{"start":{"line":47,"column":19},"end":{"line":52,"column":2}},"line":47}},"f":{"0":4,"1":2,"2":2,"3":2,"4":2}}
}
