TN:
SF:src/comparisor.js
FN:3,compareObjects
FNF:1
FNH:1
FNDA:2,compareObjects
DA:1,1
DA:2,1
DA:3,1
DA:4,2
DA:5,2
DA:6,2
DA:7,2
DA:8,10
DA:9,8
DA:10,4
DA:11,2
DA:12,2
DA:13,2
DA:14,2
DA:15,2
DA:16,2
DA:17,2
DA:18,4
DA:19,4
DA:20,4
DA:21,2
DA:22,2
DA:23,2
DA:24,2
DA:25,2
DA:26,2
DA:27,1
DA:28,1
LF:28
LH:28
BRDA:3,0,0,2
BRDA:5,1,0,10
BRDA:7,2,0,10
BRDA:8,3,0,8
BRDA:9,4,0,4
BRDA:10,5,0,2
BRDA:21,6,0,2
BRF:7
BRH:7
end_of_record
TN:
SF:src/index.js
FN:4,gendiff
FNF:1
FNH:1
FNDA:2,gendiff
DA:1,1
DA:2,1
DA:3,1
DA:4,1
DA:5,2
DA:6,2
DA:7,2
DA:8,1
DA:9,1
LF:9
LH:9
BRDA:4,0,0,2
BRF:1
BRH:1
end_of_record
TN:
SF:src/parsers.js
FN:5,getFormat
FN:20,parserJSON
FN:28,parserYAML
FN:36,getParser
FN:47,parseFiles
FNF:5
FNH:5
FNDA:4,getFormat
FNDA:2,parserJSON
FNDA:2,parserYAML
FNDA:2,getParser
FNDA:2,parseFiles
DA:1,1
DA:2,1
DA:3,1
DA:4,1
DA:5,1
DA:6,4
DA:7,4
DA:8,4
DA:9,4
DA:10,4
DA:11,4
DA:12,4
DA:13,4
DA:14,4
DA:15,4
DA:16,4
DA:17,4
DA:18,4
DA:19,1
DA:20,1
DA:21,2
DA:22,2
DA:23,2
DA:24,2
DA:25,2
DA:26,2
DA:27,1
DA:28,1
DA:29,2
DA:30,2
DA:31,2
DA:32,2
DA:33,2
DA:34,2
DA:35,1
DA:36,1
DA:37,2
DA:38,2
DA:39,2
DA:40,2
DA:41,2
DA:42,2
DA:43,2
DA:44,2
DA:45,2
DA:46,1
DA:47,1
DA:48,2
DA:49,2
DA:50,2
DA:51,2
DA:52,2
DA:53,1
DA:54,1
LF:54
LH:54
BRDA:5,0,0,4
BRDA:9,1,0,1
BRDA:11,2,0,1
BRDA:13,3,0,1
BRDA:15,4,0,1
BRDA:20,5,0,2
BRDA:28,6,0,2
BRDA:36,7,0,2
BRDA:38,8,0,1
BRDA:40,9,0,1
BRDA:42,10,0,0
BRDA:47,11,0,2
BRF:12
BRH:11
end_of_record
